<?xml version="1.0" encoding="UTF-8"?>
<testsuite name="ck.apps.leabharcleachtadh.verblookup.HtmlVerbLookupParameterizedTest" tests="2" skipped="2" failures="0" errors="0" timestamp="2026-02-23T20:18:39.529Z" hostname="Cathals-MacBook-Air.local" time="0.0">
  <properties/>
  <testcase name="_2findVerbTenseFormPerson(Verb, Tense, SentenceForm, Subject, String)" classname="ck.apps.leabharcleachtadh.verblookup.HtmlVerbLookupParameterizedTest" time="0.0">
    <skipped/>
  </testcase>
  <testcase name="_1findVerbTenseForm(Verb, Tense, SentenceForm, List)" classname="ck.apps.leabharcleachtadh.verblookup.HtmlVerbLookupParameterizedTest" time="0.0">
    <skipped/>
  </testcase>
  <system-out><![CDATA[]]></system-out>
  <system-err><![CDATA[]]></system-err>
</testsuite>
