<?xml version="1.0" encoding="UTF-8"?>
<testsuite name="ck.apps.leabharcleachtadh.games.PracticeTranslationTest" tests="2" skipped="0" failures="0" errors="0" timestamp="2026-02-28T15:58:55.062Z" hostname="Cathals-MacBook-Air.local" time="0.006">
  <properties/>
  <testcase name="translate_replaces_se_with_si_for_feminine()" classname="ck.apps.leabharcleachtadh.games.PracticeTranslationTest" time="0.001"/>
  <testcase name="accepts_response_without_pronoun_for_sg1()" classname="ck.apps.leabharcleachtadh.games.PracticeTranslationTest" time="0.004"/>
  <system-out><![CDATA[]]></system-out>
  <system-err><![CDATA[]]></system-err>
</testsuite>
